<?xml version="1.0" encoding="UTF-8"?>
<testsuite xmlns:xsi="http://www.w3.org/2001/XMLSchema-instance" xsi:noNamespaceSchemaLocation="https://maven.apache.org/surefire/maven-surefire-plugin/xsd/surefire-test-report-3.0.xsd" version="3.0" name="com.function.GetWeekStartDateTest" time="0.013" tests="4" errors="0" skipped="0" failures="0">
  <properties>
[...]
</properties>
  <testcase name="tuesdayMidMonth" classname="com.function.GetWeekStartDateTest" time="0.009">
    <system-err><![CDATA[Apr 17, 2023 8:56:41 PM com.function.GetWeekStartDate run
INFO: Java HTTP trigger processed a request.
Apr 17, 2023 8:56:41 PM com.function.GetWeekStartDate run
INFO: Received startTime of 2019-03-19T10:30:00.0000000+00:00
]]></system-err>
  </testcase>
  <testcase name="sundayMidMonth" classname="com.function.GetWeekStartDateTest" time="0.001">
    <system-err><![CDATA[Apr 17, 2023 8:56:41 PM com.function.GetWeekStartDate run
INFO: Java HTTP trigger processed a request.
Apr 17, 2023 8:56:41 PM com.function.GetWeekStartDate run
INFO: Received startTime of 2019-03-24T10:30:00.0000000+00:00
]]></system-err>
  </testcase>
  <testcase name="mondayMidMonth" classname="com.function.GetWeekStartDateTest" time="0.001">
    <system-err><![CDATA[Apr 17, 2023 8:56:41 PM com.function.GetWeekStartDate run
INFO: Java HTTP trigger processed a request.
Apr 17, 2023 8:56:41 PM com.function.GetWeekStartDate run
INFO: Received startTime of 2019-03-18T10:30:00.0000000+00:00
]]></system-err>
  </testcase>
  <testcase name="fridayNewMonth" classname="com.function.GetWeekStartDateTest" time="0.001">
    <system-err><![CDATA[Apr 17, 2023 8:56:41 PM com.function.GetWeekStartDate run
INFO: Java HTTP trigger processed a request.
Apr 17, 2023 8:56:41 PM com.function.GetWeekStartDate run
INFO: Received startTime of 2019-03-01T10:30:00.0000000+00:00
]]></system-err>
  </testcase>
</testsuite>